<?xml version="1.0" encoding="UTF-8"?>
<testng-results ignored="0" total="2" passed="1" failed="1" skipped="0">
  <reporter-output>
  </reporter-output>
  <suite started-at="2025-11-30T12:01:59 IST" name="MakeMyTrip" finished-at="2025-11-30T12:02:24 IST" duration-ms="25236">
    <groups>
    </groups>
    <test started-at="2025-11-30T12:01:59 IST" name="AutomationTesting" finished-at="2025-11-30T12:02:24 IST" duration-ms="25236">
      <class name="tests.FlightPageTest">
        <test-method is-config="true" signature="beforeClass()[pri:0, instance:tests.FlightPageTest@77d2e85]" started-at="2025-11-30T12:02:15 IST" name="beforeClass" finished-at="2025-11-30T12:02:19 IST" duration-ms="4617" status="PASS">
          <reporter-output>
          </reporter-output>
        </test-method> <!-- beforeClass -->
        <test-method signature="testSearch()[pri:0, instance:tests.FlightPageTest@77d2e85]" started-at="2025-11-30T12:02:19 IST" name="testSearch" finished-at="2025-11-30T12:02:23 IST" duration-ms="4039" status="FAIL">
          <exception class="java.lang.NullPointerException">
            <message>
              <![CDATA[Cannot invoke "org.apache.poi.ss.usermodel.Sheet.getRow(int)" because "sheet" is null]]>
            </message>
            <full-stacktrace>
              <![CDATA[java.lang.NullPointerException: Cannot invoke "org.apache.poi.ss.usermodel.Sheet.getRow(int)" because "sheet" is null
at utils.ExcelUtils.getCellData(ExcelUtils.java:31)
at tests.FlightPageTest.testSearch(FlightPageTest.java:40)
at java.base/jdk.internal.reflect.DirectMethodHandleAccessor.invoke(DirectMethodHandleAccessor.java:104)
at java.base/java.lang.reflect.Method.invoke(Method.java:577)
at org.testng.internal.invokers.MethodInvocationHelper.invokeMethod(MethodInvocationHelper.java:141)
at org.testng.internal.invokers.TestInvoker.invokeMethod(TestInvoker.java:687)
at org.testng.internal.invokers.TestInvoker.invokeTestMethod(TestInvoker.java:230)
at org.testng.internal.invokers.MethodRunner.runInSequence(MethodRunner.java:63)
at org.testng.internal.invokers.TestInvoker$MethodInvocationAgent.invoke(TestInvoker.java:995)
at org.testng.internal.invokers.TestInvoker.invokeTestMethods(TestInvoker.java:203)
at org.testng.internal.invokers.TestMethodWorker.invokeTestMethods(TestMethodWorker.java:154)
at org.testng.internal.invokers.TestMethodWorker.run(TestMethodWorker.java:134)
at java.base/java.util.ArrayList.forEach(ArrayList.java:1511)
at org.testng.TestRunner.privateRun(TestRunner.java:741)
at org.testng.TestRunner.run(TestRunner.java:616)
at org.testng.SuiteRunner.runTest(SuiteRunner.java:421)
at org.testng.SuiteRunner.runSequentially(SuiteRunner.java:413)
at org.testng.SuiteRunner.privateRun(SuiteRunner.java:373)
at org.testng.SuiteRunner.run(SuiteRunner.java:312)
at org.testng.SuiteRunnerWorker.runSuite(SuiteRunnerWorker.java:52)
at org.testng.SuiteRunnerWorker.run(SuiteRunnerWorker.java:95)
at org.testng.TestNG.runSuitesSequentially(TestNG.java:1274)
at org.testng.TestNG.runSuitesLocally(TestNG.java:1208)
at org.testng.TestNG.runSuites(TestNG.java:1112)
at org.testng.TestNG.run(TestNG.java:1079)
at org.testng.remote.AbstractRemoteTestNG.run(AbstractRemoteTestNG.java:115)
at org.testng.remote.RemoteTestNG.initAndRun(RemoteTestNG.java:293)
at org.testng.remote.RemoteTestNG.main(RemoteTestNG.java:91)
]]>
            </full-stacktrace>
          </exception> <!-- java.lang.NullPointerException -->
          <reporter-output>
          </reporter-output>
        </test-method> <!-- testSearch -->
        <test-method is-config="true" signature="setUp()[pri:0, instance:tests.FlightPageTest@77d2e85]" started-at="2025-11-30T12:02:19 IST" name="setUp" finished-at="2025-11-30T12:02:19 IST" duration-ms="0" status="PASS">
          <reporter-output>
          </reporter-output>
        </test-method> <!-- setUp -->
        <test-method is-config="true" signature="teardown()[pri:0, instance:tests.FlightPageTest@77d2e85]" started-at="2025-11-30T12:02:24 IST" name="teardown" finished-at="2025-11-30T12:02:24 IST" duration-ms="1" status="PASS">
          <reporter-output>
          </reporter-output>
        </test-method> <!-- teardown -->
        <test-method is-config="true" signature="afterClass()[pri:0, instance:tests.FlightPageTest@77d2e85]" started-at="2025-11-30T12:02:24 IST" name="afterClass" finished-at="2025-11-30T12:02:24 IST" duration-ms="820" status="PASS">
          <reporter-output>
          </reporter-output>
        </test-method> <!-- afterClass -->
      </class> <!-- tests.FlightPageTest -->
      <class name="tests.HomePageTest">
        <test-method is-config="true" signature="beforeSuite()[pri:0, instance:tests.HomePageTest@3401a114]" started-at="2025-11-30T12:01:59 IST" name="beforeSuite" finished-at="2025-11-30T12:01:59 IST" duration-ms="17" status="PASS">
          <reporter-output>
          </reporter-output>
        </test-method> <!-- beforeSuite -->
        <test-method is-config="true" signature="beforeTest()[pri:0, instance:tests.HomePageTest@3401a114]" started-at="2025-11-30T12:01:59 IST" name="beforeTest" finished-at="2025-11-30T12:01:59 IST" duration-ms="1" status="PASS">
          <reporter-output>
          </reporter-output>
        </test-method> <!-- beforeTest -->
        <test-method is-config="true" signature="beforeClass()[pri:0, instance:tests.HomePageTest@3401a114]" started-at="2025-11-30T12:01:59 IST" name="beforeClass" finished-at="2025-11-30T12:02:06 IST" duration-ms="6537" status="PASS">
          <reporter-output>
          </reporter-output>
        </test-method> <!-- beforeClass -->
        <test-method is-config="true" signature="setUp()[pri:0, instance:tests.HomePageTest@3401a114]" started-at="2025-11-30T12:02:06 IST" name="setUp" finished-at="2025-11-30T12:02:06 IST" duration-ms="1" status="PASS">
          <reporter-output>
          </reporter-output>
        </test-method> <!-- setUp -->
        <test-method signature="testOpenMakeMyTrip()[pri:0, instance:tests.HomePageTest@3401a114]" started-at="2025-11-30T12:02:06 IST" name="testOpenMakeMyTrip" finished-at="2025-11-30T12:02:14 IST" duration-ms="8264" status="PASS">
          <reporter-output>
          </reporter-output>
        </test-method> <!-- testOpenMakeMyTrip -->
        <test-method is-config="true" signature="teardown()[pri:0, instance:tests.HomePageTest@3401a114]" started-at="2025-11-30T12:02:14 IST" name="teardown" finished-at="2025-11-30T12:02:14 IST" duration-ms="1" status="PASS">
          <reporter-output>
          </reporter-output>
        </test-method> <!-- teardown -->
        <test-method is-config="true" signature="afterClass()[pri:0, instance:tests.HomePageTest@3401a114]" started-at="2025-11-30T12:02:14 IST" name="afterClass" finished-at="2025-11-30T12:02:15 IST" duration-ms="505" status="PASS">
          <reporter-output>
          </reporter-output>
        </test-method> <!-- afterClass -->
        <test-method is-config="true" signature="afterTest()[pri:0, instance:tests.HomePageTest@3401a114]" started-at="2025-11-30T12:02:24 IST" name="afterTest" finished-at="2025-11-30T12:02:24 IST" duration-ms="1" status="PASS">
          <reporter-output>
          </reporter-output>
        </test-method> <!-- afterTest -->
        <test-method is-config="true" signature="afterSuite()[pri:0, instance:tests.HomePageTest@3401a114]" started-at="2025-11-30T12:02:24 IST" name="afterSuite" finished-at="2025-11-30T12:02:24 IST" duration-ms="0" status="PASS">
          <reporter-output>
          </reporter-output>
        </test-method> <!-- afterSuite -->
      </class> <!-- tests.HomePageTest -->
    </test> <!-- AutomationTesting -->
  </suite> <!-- MakeMyTrip -->
</testng-results>
