<?xml version="1.0" encoding="UTF-8"?>
<testng-results ignored="0" total="1" passed="1" failed="0" skipped="0">
  <reporter-output>
  </reporter-output>
  <suite started-at="2025-11-04T08:27:09 IST" name="MakeMyTrip" finished-at="2025-11-04T08:27:25 IST" duration-ms="15857">
    <groups>
    </groups>
    <test started-at="2025-11-04T08:27:09 IST" name="AutomationTesting" finished-at="2025-11-04T08:27:25 IST" duration-ms="15857">
      <class name="tests.HomePageTest">
        <test-method is-config="true" signature="beforeSuite()[pri:0, instance:tests.HomePageTest@65e98b1c]" started-at="2025-11-04T08:27:09 IST" name="beforeSuite" finished-at="2025-11-04T08:27:09 IST" duration-ms="19" status="PASS">
          <reporter-output>
          </reporter-output>
        </test-method> <!-- beforeSuite -->
        <test-method is-config="true" signature="beforeTest()[pri:0, instance:tests.HomePageTest@65e98b1c]" started-at="2025-11-04T08:27:09 IST" name="beforeTest" finished-at="2025-11-04T08:27:09 IST" duration-ms="0" status="PASS">
          <reporter-output>
          </reporter-output>
        </test-method> <!-- beforeTest -->
        <test-method is-config="true" signature="beforeClass()[pri:0, instance:tests.HomePageTest@65e98b1c]" started-at="2025-11-04T08:27:09 IST" name="beforeClass" finished-at="2025-11-04T08:27:09 IST" duration-ms="1" status="PASS">
          <reporter-output>
          </reporter-output>
        </test-method> <!-- beforeClass -->
        <test-method is-config="true" signature="setUp()[pri:0, instance:tests.HomePageTest@65e98b1c]" started-at="2025-11-04T08:27:09 IST" name="setUp" finished-at="2025-11-04T08:27:17 IST" duration-ms="8176" status="PASS">
          <reporter-output>
          </reporter-output>
        </test-method> <!-- setUp -->
        <test-method signature="testOpenMakeMyTrip()[pri:0, instance:tests.HomePageTest@65e98b1c]" started-at="2025-11-04T08:27:17 IST" name="testOpenMakeMyTrip" finished-at="2025-11-04T08:27:20 IST" duration-ms="2986" status="PASS">
          <reporter-output>
          </reporter-output>
        </test-method> <!-- testOpenMakeMyTrip -->
        <test-method is-config="true" signature="teardown()[pri:0, instance:tests.HomePageTest@65e98b1c]" started-at="2025-11-04T08:27:20 IST" name="teardown" finished-at="2025-11-04T08:27:25 IST" duration-ms="4569" status="PASS">
          <reporter-output>
          </reporter-output>
        </test-method> <!-- teardown -->
        <test-method is-config="true" signature="afterClass()[pri:0, instance:tests.HomePageTest@65e98b1c]" started-at="2025-11-04T08:27:25 IST" name="afterClass" finished-at="2025-11-04T08:27:25 IST" duration-ms="1" status="PASS">
          <reporter-output>
          </reporter-output>
        </test-method> <!-- afterClass -->
        <test-method is-config="true" signature="afterTest()[pri:0, instance:tests.HomePageTest@65e98b1c]" started-at="2025-11-04T08:27:25 IST" name="afterTest" finished-at="2025-11-04T08:27:25 IST" duration-ms="0" status="PASS">
          <reporter-output>
          </reporter-output>
        </test-method> <!-- afterTest -->
        <test-method is-config="true" signature="afterSuite()[pri:0, instance:tests.HomePageTest@65e98b1c]" started-at="2025-11-04T08:27:25 IST" name="afterSuite" finished-at="2025-11-04T08:27:25 IST" duration-ms="1" status="PASS">
          <reporter-output>
          </reporter-output>
        </test-method> <!-- afterSuite -->
      </class> <!-- tests.HomePageTest -->
    </test> <!-- AutomationTesting -->
  </suite> <!-- MakeMyTrip -->
</testng-results>
