<?xml version="1.0" encoding="UTF-8"?>
<testng-results ignored="0" total="1" passed="1" failed="0" skipped="0">
  <reporter-output>
  </reporter-output>
  <suite started-at="2026-02-26T10:10:50 IST" name="Default suite" finished-at="2026-02-26T10:10:52 IST" duration-ms="1816">
    <groups>
    </groups>
    <test started-at="2026-02-26T10:10:50 IST" name="Default test" finished-at="2026-02-26T10:10:52 IST" duration-ms="1816">
      <class name="tests.DummyTest">
        <test-method signature="getProductList()[pri:0, instance:tests.DummyTest@5876a9af]" started-at="2026-02-26T10:10:50 IST" name="getProductList" finished-at="2026-02-26T10:10:52 IST" duration-ms="1775" status="PASS">
          <reporter-output>
          </reporter-output>
        </test-method> <!-- getProductList -->
      </class> <!-- tests.DummyTest -->
    </test> <!-- Default test -->
  </suite> <!-- Default suite -->
</testng-results>
