<?xml version="1.0" encoding="UTF-8"?>
<!-- Generated by org.testng.reporters.JUnitReportReporter -->
<testsuite hostname="LAPTOP-UPVFUSEC" failures="0" tests="4" name="runners.TestRunner" time="4.492" errors="0" timestamp="2026-02-18T09:24:16 IST" skipped="0">
  <testcase classname="runners.TestRunner" name="runScenario" time="0.350"/>
  <testcase classname="runners.TestRunner" name="runScenario" time="0.347"/>
  <testcase classname="runners.TestRunner" name="runScenario" time="3.384"/>
  <testcase classname="runners.TestRunner" name="runScenario" time="0.411"/>
</testsuite> <!-- runners.TestRunner -->
